Arguments: 
  /usr/local/Cellar/node/8.6.0/bin/node /usr/local/bin/yarn

PATH: 
  /usr/local/bin:/usr/bin:/bin:/usr/sbin:/sbin:/usr/local/share/dotnet

Yarn version: 
  1.1.0

Node version: 
  8.6.0

Platform: 
  darwin x64

npm manifest: 
  {
    "name": "video-react",
    "version": "1.0.0",
    "main": "index.js",
    "repository": "git@github.com:eugenekgn/video-react.git",
    "author": "Eugene Kagan",
    "license": "MIT",
    "scripts": {
      "start": "nodemon --watch server --exec babel-node -- server/index.js"
    },
    "dependencies": {
      "body-parser": "^1.18.2",
      "classnames": "^2.2.5",
      "express": "^4.16.1",
      "prettier-eslint": "^8.2.0",
      "react": "^15.4.2",
      "react-dom": "^15.4.2",
      "react-router-dom": "^4.0.0",
      "react-redux": "^5.0.6",
      "react-router": "^4.2.0"
    },
    "devDependencies": {
      "babel-cli": "^6.10.1",
      "babel-loader": "^6.2.4",
      "babel-preset-es2015": "^6.9.0",
      "babel-preset-react": "^6.5.0",
      "nodemon": "^1.9.2",
      "react-hot-loader": "^1.3.0",
      "webpack": "^1.13.1",
      "webpack-dev-middleware": "^1.6.1",
      "webpack-hot-middleware": "^2.10.0"
    }
  }

yarn manifest: 
  No manifest

Lockfile: 
  No lockfile

Trace: 
  Error: getaddrinfo ENOTFOUND registry.yarnpkg.com registry.yarnpkg.com:443
      at errnoException (dns.js:53:10)
      at GetAddrInfoReqWrap.onlookup [as oncomplete] (dns.js:95:26)
